<?xml version="1.0" encoding="UTF-8"?>
<testsuite name="baseline.Solution35Test" tests="1" skipped="0" failures="0" errors="0" timestamp="2021-11-24T23:10:18" hostname="MATT-DESKTOP" time="0.014">
  <properties/>
  <testcase name="randStringTest()" classname="baseline.Solution35Test" time="0.014"/>
  <system-out><![CDATA[]]></system-out>
  <system-err><![CDATA[]]></system-err>
</testsuite>
