<?xml version="1.0" encoding="UTF-8"?>
<testsuite name="baseline.Solution38Test" tests="1" skipped="0" failures="0" errors="0" timestamp="2021-11-25T00:07:20" hostname="MATT-DESKTOP" time="0.013">
  <properties/>
  <testcase name="filterTest()" classname="baseline.Solution38Test" time="0.013"/>
  <system-out><![CDATA[]]></system-out>
  <system-err><![CDATA[]]></system-err>
</testsuite>
