<?xml version="1.0" encoding="UTF-8"?>
<testsuite name="baseline.Solution24Test" tests="1" skipped="0" failures="0" errors="0" timestamp="2021-11-11T00:24:31" hostname="MATT-DESKTOP" time="0.012">
  <properties/>
  <testcase name="testIsAnagram()" classname="baseline.Solution24Test" time="0.012"/>
  <system-out><![CDATA[]]></system-out>
  <system-err><![CDATA[]]></system-err>
</testsuite>
