<?xml version="1.0" encoding="UTF-8"?>
<testsuite name="baseline.Solution32Test" tests="1" skipped="0" failures="0" errors="0" timestamp="2021-11-24T21:54:19" hostname="MATT-DESKTOP" time="0.013">
  <properties/>
  <testcase name="testIsNum()" classname="baseline.Solution32Test" time="0.013"/>
  <system-out><![CDATA[]]></system-out>
  <system-err><![CDATA[]]></system-err>
</testsuite>
