<?xml version="1.0" encoding="UTF-8"?>
<testsuite name="baseline.Solution36Test" tests="1" skipped="0" failures="0" errors="0" timestamp="2021-10-03T21:19:39" hostname="MATT-DESKTOP" time="0.014">
  <properties/>
  <testcase name="testStd()" classname="baseline.Solution36Test" time="0.014"/>
  <system-out><![CDATA[]]></system-out>
  <system-err><![CDATA[]]></system-err>
</testsuite>
