<?xml version="1.0" encoding="UTF-8"?>
<testsuite name="baseline.Solution33Test" tests="1" skipped="0" failures="0" errors="0" timestamp="2021-11-24T22:10:17" hostname="MATT-DESKTOP" time="0.015">
  <properties/>
  <testcase name="eightBallTest()" classname="baseline.Solution33Test" time="0.015"/>
  <system-out><![CDATA[Ask again later.
]]></system-out>
  <system-err><![CDATA[]]></system-err>
</testsuite>
