<?xml version="1.0" encoding="UTF-8"?>
<testsuite name="baseline.Solution31Test" tests="1" skipped="0" failures="0" errors="0" timestamp="2021-10-03T01:23:11" hostname="MATT-DESKTOP" time="0.013">
  <properties/>
  <testcase name="testKarvonen()" classname="baseline.Solution31Test" time="0.013"/>
  <system-out><![CDATA[]]></system-out>
  <system-err><![CDATA[]]></system-err>
</testsuite>
