<?xml version="1.0" encoding="UTF-8"?>
<testsuite name="baseline.Solution31Test" tests="2" skipped="0" failures="0" errors="0" timestamp="2021-11-24T21:50:35" hostname="MATT-DESKTOP" time="0.016">
  <properties/>
  <testcase name="testIsNum()" classname="baseline.Solution31Test" time="0.014"/>
  <testcase name="testKarvonen()" classname="baseline.Solution31Test" time="0.001"/>
  <system-out><![CDATA[]]></system-out>
  <system-err><![CDATA[]]></system-err>
</testsuite>
