<?xml version="1.0" encoding="UTF-8"?>
<testsuite name="baseline.Solution34Test" tests="1" skipped="0" failures="0" errors="0" timestamp="2021-11-24T22:40:54" hostname="MATT-DESKTOP" time="0.014">
  <properties/>
  <testcase name="removeTest()" classname="baseline.Solution34Test" time="0.014"/>
  <system-out><![CDATA[]]></system-out>
  <system-err><![CDATA[]]></system-err>
</testsuite>
