<?xml version="1.0" encoding="UTF-8"?>
<testsuite name="baseline.Solution29Test" tests="2" skipped="0" failures="0" errors="0" timestamp="2021-11-24T19:41:36" hostname="MATT-DESKTOP" time="0.039">
  <properties/>
  <testcase name="testIsNum()" classname="baseline.Solution29Test" time="0.038"/>
  <testcase name="testYears()" classname="baseline.Solution29Test" time="0.001"/>
  <system-out><![CDATA[]]></system-out>
  <system-err><![CDATA[]]></system-err>
</testsuite>
