<?xml version="1.0" encoding="UTF-8"?>
<testsuite name="baseline.Solution29Test" tests="1" skipped="0" failures="0" errors="0" timestamp="2021-10-02T03:28:22" hostname="MATT-DESKTOP" time="0.012">
  <properties/>
  <testcase name="testIsNum()" classname="baseline.Solution29Test" time="0.012"/>
  <system-out><![CDATA[]]></system-out>
  <system-err><![CDATA[]]></system-err>
</testsuite>
