<?xml version="1.0" encoding="UTF-8"?>
<testsuite name="baseline.Solution27Test" tests="3" skipped="0" failures="0" errors="0" timestamp="2021-10-02T02:13:01" hostname="MATT-DESKTOP" time="0.015">
  <properties/>
  <testcase name="testZip()" classname="baseline.Solution27Test" time="0.013"/>
  <testcase name="testID()" classname="baseline.Solution27Test" time="0.0"/>
  <testcase name="testFirstAndLast()" classname="baseline.Solution27Test" time="0.0"/>
  <system-out><![CDATA[]]></system-out>
  <system-err><![CDATA[]]></system-err>
</testsuite>
