<?xml version="1.0" encoding="UTF-8"?>
<testsuite name="baseline.Solution25Test" tests="1" skipped="0" failures="0" errors="0" timestamp="2021-11-11T00:58:27" hostname="MATT-DESKTOP" time="0.013">
  <properties/>
  <testcase name="testPasswordStrength()" classname="baseline.Solution25Test" time="0.013"/>
  <system-out><![CDATA[]]></system-out>
  <system-err><![CDATA[]]></system-err>
</testsuite>
